<?xml version="1.0" encoding="UTF-8"?>
<!-- Generated by org.testng.reporters.JUnitXMLReporter -->
<testsuite ignored="1" hostname="WIN-46969103703" failures="0" tests="1" name="Default test" time="2.374" errors="0" timestamp="17 Sep 2022 20:09:31 GMT">
  <testcase classname="com.APITestCases.TeamRCB.RCBGetTestCases" name="api_01_validateForeignPlayersCount" time="2.027"/>
  <testcase classname="com.APITestCases.TeamRCB.RCBGetTestCases" name="api_02_validateWicketKeepersCount" time="0.0">
    <ignored/>
  </testcase> <!-- api_02_validateWicketKeepersCount -->
</testsuite> <!-- Default test -->
