<?xml version="1.0" encoding="UTF-8"?>
<!-- Generated by org.testng.reporters.JUnitXMLReporter -->
<testsuite ignored="0" hostname="WIN-46969103703" failures="0" tests="2" name="Default test" time="2.832" errors="0" timestamp="16 Sep 2022 07:16:24 GMT">
  <testcase classname="com.APITestCases.TeamRCB.RCBGetTestCases" name="api_01_validateForeignPlayersCount" time="1.91"/>
  <testcase classname="com.APITestCases.TeamRCB.RCBGetTestCases" name="api_02_validateWicketKeepersCount" time="0.037"/>
</testsuite> <!-- Default test -->
