<?xml version="1.0" encoding="UTF-8"?>
<!-- Generated by org.testng.reporters.JUnitXMLReporter -->
<testsuite ignored="0" hostname="WIN-46969103703" failures="0" tests="2" name="Player Validation Automation Suite - Team RCB" time="2.842" errors="0" timestamp="17 Sep 2022 20:09:54 GMT">
  <testcase classname="com.APITestCases.TeamRCB.RCBGetTestCases" name="api_01_validateForeignPlayersCount" time="2.182"/>
  <testcase classname="com.APITestCases.TeamRCB.RCBGetTestCases" name="api_02_validateWicketKeepersCount" time="0.3"/>
</testsuite> <!-- Player Validation Automation Suite - Team RCB -->
