<?xml version="1.0" encoding="UTF-8"?>
<!-- Generated by org.testng.reporters.JUnitXMLReporter -->
<testsuite ignored="0" hostname="WIN-46969103703" failures="0" tests="2" name="Player Validation Automation Suite - Team RCB" time="3.062" errors="0" timestamp="16 Sep 2022 06:28:00 GMT">
  <testcase classname="com.APITestCases.TeamRCB.RCBGetTestCases" name="api_01_verifyForeignPlayersCount" time="2.113"/>
  <testcase classname="com.APITestCases.TeamRCB.RCBGetTestCases" name="api_02_verifyWicketKeepersCount" time="0.048"/>
</testsuite> <!-- Player Validation Automation Suite - Team RCB -->
