<?xml version="1.0" encoding="UTF-8"?>
<testng-results ignored="0" total="2" passed="2" failed="0" skipped="0">
  <reporter-output>
  </reporter-output>
  <suite started-at="2022-09-17T20:09:51Z" name="Suite" finished-at="2022-09-17T20:09:54Z" duration-ms="2842">
    <groups>
      <group name="Regression">
        <method signature="RCBGetTestCases.api_01_validateForeignPlayersCount()[pri:0, instance:com.APITestCases.TeamRCB.RCBGetTestCases@51e69659]" name="api_01_validateForeignPlayersCount" class="com.APITestCases.TeamRCB.RCBGetTestCases"/>
        <method signature="RCBGetTestCases.api_02_validateWicketKeepersCount()[pri:0, instance:com.APITestCases.TeamRCB.RCBGetTestCases@51e69659]" name="api_02_validateWicketKeepersCount" class="com.APITestCases.TeamRCB.RCBGetTestCases"/>
      </group> <!-- Regression -->
    </groups>
    <test started-at="2022-09-17T20:09:51Z" name="Player Validation Automation Suite - Team RCB" finished-at="2022-09-17T20:09:54Z" duration-ms="2842">
      <class name="com.APITestCases.TeamRCB.RCBGetTestCases">
        <test-method is-config="true" signature="beforeStart(java.lang.reflect.Method)[pri:0, instance:com.APITestCases.TeamRCB.RCBGetTestCases@51e69659]" started-at="2022-09-18T01:39:51Z" name="beforeStart" finished-at="2022-09-18T01:39:51Z" duration-ms="141" status="PASS">
          <params>
            <param index="0">
              <value>
                <![CDATA[public void com.APITestCases.TeamRCB.RCBGetTestCases.api_01_validateForeignPlayersCount() throws java.lang.Exception]]>
              </value>
            </param>
          </params>
          <reporter-output>
          </reporter-output>
        </test-method> <!-- beforeStart -->
        <test-method signature="api_01_validateForeignPlayersCount()[pri:0, instance:com.APITestCases.TeamRCB.RCBGetTestCases@51e69659]" started-at="2022-09-18T01:39:51Z" name="api_01_validateForeignPlayersCount" description="To validate the RCB team has only 4 foreign players" finished-at="2022-09-18T01:39:54Z" duration-ms="2182" status="PASS">
          <reporter-output>
          </reporter-output>
        </test-method> <!-- api_01_validateForeignPlayersCount -->
        <test-method is-config="true" signature="afterTest(org.testng.ITestResult)[pri:0, instance:com.APITestCases.TeamRCB.RCBGetTestCases@51e69659]" started-at="2022-09-18T01:39:54Z" name="afterTest" finished-at="2022-09-18T01:39:54Z" duration-ms="170" status="PASS">
          <params>
            <param index="0">
              <value>
                <![CDATA[[TestResult name=api_01_validateForeignPlayersCount status=SUCCESS method=RCBGetTestCases.api_01_validateForeignPlayersCount()[pri:0, instance:com.APITestCases.TeamRCB.RCBGetTestCases@51e69659] output={null}]]]>
              </value>
            </param>
          </params>
          <reporter-output>
          </reporter-output>
        </test-method> <!-- afterTest -->
        <test-method is-config="true" signature="beforeStart(java.lang.reflect.Method)[pri:0, instance:com.APITestCases.TeamRCB.RCBGetTestCases@51e69659]" started-at="2022-09-18T01:39:54Z" name="beforeStart" finished-at="2022-09-18T01:39:54Z" duration-ms="0" status="PASS">
          <params>
            <param index="0">
              <value>
                <![CDATA[public void com.APITestCases.TeamRCB.RCBGetTestCases.api_02_validateWicketKeepersCount() throws java.lang.Exception]]>
              </value>
            </param>
          </params>
          <reporter-output>
          </reporter-output>
        </test-method> <!-- beforeStart -->
        <test-method signature="api_02_validateWicketKeepersCount()[pri:0, instance:com.APITestCases.TeamRCB.RCBGetTestCases@51e69659]" started-at="2022-09-18T01:39:54Z" name="api_02_validateWicketKeepersCount" description="To validate the team has at least 1 wicket keeper" finished-at="2022-09-18T01:39:54Z" duration-ms="300" status="PASS">
          <reporter-output>
          </reporter-output>
        </test-method> <!-- api_02_validateWicketKeepersCount -->
        <test-method is-config="true" signature="afterTest(org.testng.ITestResult)[pri:0, instance:com.APITestCases.TeamRCB.RCBGetTestCases@51e69659]" started-at="2022-09-18T01:39:54Z" name="afterTest" finished-at="2022-09-18T01:39:54Z" duration-ms="28" status="PASS">
          <params>
            <param index="0">
              <value>
                <![CDATA[[TestResult name=api_02_validateWicketKeepersCount status=SUCCESS method=RCBGetTestCases.api_02_validateWicketKeepersCount()[pri:0, instance:com.APITestCases.TeamRCB.RCBGetTestCases@51e69659] output={null}]]]>
              </value>
            </param>
          </params>
          <reporter-output>
          </reporter-output>
        </test-method> <!-- afterTest -->
      </class> <!-- com.APITestCases.TeamRCB.RCBGetTestCases -->
    </test> <!-- Player Validation Automation Suite - Team RCB -->
  </suite> <!-- Suite -->
</testng-results>
