<?xml version="1.0" encoding="UTF-8"?>
<testng-results ignored="0" total="2" passed="2" failed="0" skipped="0">
  <reporter-output>
  </reporter-output>
  <suite started-at="2022-09-16T07:16:22Z" name="Default suite" finished-at="2022-09-16T07:16:24Z" duration-ms="2832">
    <groups>
      <group name="Regression">
        <method signature="RCBGetTestCases.api_01_validateForeignPlayersCount()[pri:0, instance:com.APITestCases.TeamRCB.RCBGetTestCases@71329995]" name="api_01_validateForeignPlayersCount" class="com.APITestCases.TeamRCB.RCBGetTestCases"/>
        <method signature="RCBGetTestCases.api_02_validateWicketKeepersCount()[pri:0, instance:com.APITestCases.TeamRCB.RCBGetTestCases@71329995]" name="api_02_validateWicketKeepersCount" class="com.APITestCases.TeamRCB.RCBGetTestCases"/>
      </group> <!-- Regression -->
    </groups>
    <test started-at="2022-09-16T07:16:22Z" name="Default test" finished-at="2022-09-16T07:16:24Z" duration-ms="2832">
      <class name="com.APITestCases.TeamRCB.RCBGetTestCases">
        <test-method is-config="true" signature="beforeStart(java.lang.reflect.Method)[pri:0, instance:com.APITestCases.TeamRCB.RCBGetTestCases@71329995]" started-at="2022-09-16T12:46:22Z" name="beforeStart" finished-at="2022-09-16T12:46:22Z" duration-ms="429" status="PASS">
          <params>
            <param index="0">
              <value>
                <![CDATA[public void com.APITestCases.TeamRCB.RCBGetTestCases.api_01_validateForeignPlayersCount() throws java.lang.Exception]]>
              </value>
            </param>
          </params>
          <reporter-output>
          </reporter-output>
        </test-method> <!-- beforeStart -->
        <test-method signature="api_01_validateForeignPlayersCount()[pri:0, instance:com.APITestCases.TeamRCB.RCBGetTestCases@71329995]" started-at="2022-09-16T12:46:22Z" name="api_01_validateForeignPlayersCount" description="To validate the RCB team has only 4 foreign players" finished-at="2022-09-16T12:46:24Z" duration-ms="1910" status="PASS">
          <reporter-output>
          </reporter-output>
        </test-method> <!-- api_01_validateForeignPlayersCount -->
        <test-method is-config="true" signature="afterTest(org.testng.ITestResult)[pri:0, instance:com.APITestCases.TeamRCB.RCBGetTestCases@71329995]" started-at="2022-09-16T12:46:24Z" name="afterTest" finished-at="2022-09-16T12:46:24Z" duration-ms="358" status="PASS">
          <params>
            <param index="0">
              <value>
                <![CDATA[[TestResult name=api_01_validateForeignPlayersCount status=SUCCESS method=RCBGetTestCases.api_01_validateForeignPlayersCount()[pri:0, instance:com.APITestCases.TeamRCB.RCBGetTestCases@71329995] output={null}]]]>
              </value>
            </param>
          </params>
          <reporter-output>
          </reporter-output>
        </test-method> <!-- afterTest -->
        <test-method is-config="true" signature="beforeStart(java.lang.reflect.Method)[pri:0, instance:com.APITestCases.TeamRCB.RCBGetTestCases@71329995]" started-at="2022-09-16T12:46:24Z" name="beforeStart" finished-at="2022-09-16T12:46:24Z" duration-ms="1" status="PASS">
          <params>
            <param index="0">
              <value>
                <![CDATA[public void com.APITestCases.TeamRCB.RCBGetTestCases.api_02_validateWicketKeepersCount() throws java.lang.Exception]]>
              </value>
            </param>
          </params>
          <reporter-output>
          </reporter-output>
        </test-method> <!-- beforeStart -->
        <test-method signature="api_02_validateWicketKeepersCount()[pri:0, instance:com.APITestCases.TeamRCB.RCBGetTestCases@71329995]" started-at="2022-09-16T12:46:24Z" name="api_02_validateWicketKeepersCount" description="To validate the team has at least 1 wicket keeper" finished-at="2022-09-16T12:46:24Z" duration-ms="37" status="PASS">
          <reporter-output>
          </reporter-output>
        </test-method> <!-- api_02_validateWicketKeepersCount -->
        <test-method is-config="true" signature="afterTest(org.testng.ITestResult)[pri:0, instance:com.APITestCases.TeamRCB.RCBGetTestCases@71329995]" started-at="2022-09-16T12:46:24Z" name="afterTest" finished-at="2022-09-16T12:46:24Z" duration-ms="62" status="PASS">
          <params>
            <param index="0">
              <value>
                <![CDATA[[TestResult name=api_02_validateWicketKeepersCount status=SUCCESS method=RCBGetTestCases.api_02_validateWicketKeepersCount()[pri:0, instance:com.APITestCases.TeamRCB.RCBGetTestCases@71329995] output={null}]]]>
              </value>
            </param>
          </params>
          <reporter-output>
          </reporter-output>
        </test-method> <!-- afterTest -->
        <test-method is-config="true" signature="endSetup()[pri:0, instance:com.APITestCases.TeamRCB.RCBGetTestCases@71329995]" started-at="2022-09-16T12:46:24Z" name="endSetup" finished-at="2022-09-16T12:46:29Z" duration-ms="5008" status="PASS">
          <reporter-output>
          </reporter-output>
        </test-method> <!-- endSetup -->
      </class> <!-- com.APITestCases.TeamRCB.RCBGetTestCases -->
    </test> <!-- Default test -->
  </suite> <!-- Default suite -->
</testng-results>
